#
# A fatal error has been detected by the Java Runtime Environment:
#
#  EXCEPTION_ACCESS_VIOLATION (0xc0000005) at pc=0x00007ffad1651661, pid=7012, tid=1708
#
# JRE version: Java(TM) SE Runtime Environment (15.0.2+7) (build 15.0.2+7-27)
# Java VM: Java HotSpot(TM) 64-Bit Server VM (15.0.2+7-27, mixed mode, sharing, tiered, compressed oops, g1 gc, windows-amd64)
# Problematic frame:
# C  [flatlaf-windows-x86_64-72372468457000.dll+0x1661]
#
# No core dump will be written. Minidumps are not enabled by default on client versions of Windows
#
# If you would like to submit a bug report, please visit:
#   https://bugreport.java.com/bugreport/crash.jsp
# The crash happened outside the Java Virtual Machine in native code.
# See problematic frame for where to report the bug.
#

---------------  S U M M A R Y ------------

Command Line: -Dfile.encoding=UTF-8 -XX:+ShowCodeDetailsInExceptionMessages com.inventory.UI.PaginaEntrada

Host: AMD Ryzen 5 2400G with Radeon Vega Graphics    , 8 cores, 15G,  Windows 10 , 64 bit Build 19041 (10.0.19041.3155)
Time: Fri Aug 11 17:17:41 2023 Hora est. Pacífico, Sudamérica elapsed time: 3.305914 seconds (0d 0h 0m 3s)

---------------  T H R E A D  ---------------

Current thread (0x00000193fd278040):  JavaThread "AWT-Windows" daemon [_thread_in_native, id=1708, stack(0x0000000e0ec00000,0x0000000e0ed00000)]

Stack: [0x0000000e0ec00000,0x0000000e0ed00000],  sp=0x0000000e0ecfec40,  free space=1019k
Native frames: (J=compiled Java code, j=interpreted, Vv=VM code, C=native code)
C  [flatlaf-windows-x86_64-72372468457000.dll+0x1661]

Java frames: (J=compiled Java code, j=interpreted, Vv=VM code)
j  sun.awt.windows.WToolkit.eventLoop()V+0 java.desktop@15.0.2
j  sun.awt.windows.WToolkit.run()V+50 java.desktop@15.0.2
j  java.lang.Thread.run()V+11 java.base@15.0.2
v  ~StubRoutines::call_stub

siginfo: EXCEPTION_ACCESS_VIOLATION (0xc0000005), reading address 0x0000000000000020


Register to memory mapping:

RIP=0x00007ffad1651661 flatlaf-windows-x86_64-72372468457000.dll
RAX=0x0 is NULL
RBX=38915 is a compressed pointer to class: 0x000000080004c018
java.lang.ref.PhantomReference {0x000000080004c020}
RCX=0x0 is NULL
RDX=0x00000000005d0806 is an unknown value
RSP=0x0000000e0ecfec40 is pointing into the stack for thread: 0x00000193fd278040
RBP=0x00000000005d0806 is an unknown value
RSI=0x0 is NULL
RDI=0x0 is NULL
R8 =38915 is a compressed pointer to class: 0x000000080004c018
java.lang.ref.PhantomReference {0x000000080004c020}
R9 =0x0 is NULL
R10=0x00007ffad87915f0 USER32.dll
R11=0x0000000000000100 is an unknown value
R12=0x0 is NULL
R13=38915 is a compressed pointer to class: 0x000000080004c018
java.lang.ref.PhantomReference {0x000000080004c020}
R14=0x0 is NULL
R15=0x00000000000503cb is an unknown value


Registers:
RAX=0x0000000000000000, RBX=0x0000000000009803, RCX=0x0000000000000000, RDX=0x00000000005d0806
RSP=0x0000000e0ecfec40, RBP=0x00000000005d0806, RSI=0x0000000000000000, RDI=0x0000000000000000
R8 =0x0000000000009803, R9 =0x0000000000000000, R10=0x00007ffad87915f0, R11=0x0000000000000100
R12=0x0000000000000000, R13=0x0000000000009803, R14=0x0000000000000000, R15=0x00000000000503cb
RIP=0x00007ffad1651661, EFLAGS=0x0000000000010202

Top of Stack: (sp=0x0000000e0ecfec40)
0x0000000e0ecfec40:   00000193fe955c40 00007ffad397860a
0x0000000e0ecfec50:   0000000000000004 00000000004c0a14
0x0000000e0ecfec60:   00000193fe8cc0e0 00007ffad16510c5
0x0000000e0ecfec70:   0000000000000000 00000193d69e0000
0x0000000e0ecfec80:   0000000000000000 0000000000000000
0x0000000e0ecfec90:   0000000000000000 00007ffad16513f4
0x0000000e0ecfeca0:   00000000000503cb 00000000005d0806
0x0000000e0ecfecb0:   0000000000009803 0000000000000060
0x0000000e0ecfecc0:   00000000000503cb 0000000000000040
0x0000000e0ecfecd0:   0000000080000022 00007ffad86ee858
0x0000000e0ecfece0:   0000000000000001 0000000e0ecfeed0
0x0000000e0ecfecf0:   0000000000000000 0000000000000000
0x0000000e0ecfed00:   000000000000004e 00007ffa00000000
0x0000000e0ecfed10:   00000193fe7424c0 00000193fe7424c0
0x0000000e0ecfed20:   0000000000000000 0000000000000000
0x0000000e0ecfed30:   8000002200000000 0000000000000000 

Instructions: (pc=0x00007ffad1651661)
0x00007ffad1651561:   b9 5c 00 00 00 8b d8 ff 15 22 1b 00 00 8b d3 b9
0x00007ffad1651571:   21 00 00 00 8b f8 ff 15 13 1b 00 00 03 f8 44 3b
0x00007ffad1651581:   f7 7d 18 ba f0 ff ff ff 48 8b cd ff 15 3e 1b 00
0x00007ffad1651591:   00 0f ba e0 12 73 04 b3 01 eb 02 32 db 48 8b 4e
0x00007ffad16515a1:   08 48 85 c9 75 32 48 8b 0e 48 8d 56 08 41 b8 02
0x00007ffad16515b1:   00 01 00 48 8b 01 ff 50 30 48 8b 4e 08 48 85 c9
0x00007ffad16515c1:   75 16 b8 01 00 00 00 84 db b9 0c 00 00 00 0f 45
0x00007ffad16515d1:   c1 48 98 e9 a0 00 00 00 4c 8b 05 28 2a 00 00 45
0x00007ffad16515e1:   8b cf 48 8b 56 10 0f b6 c3 89 44 24 28 44 89 74
0x00007ffad16515f1:   24 20 e8 58 fd ff ff 48 98 eb 7d 81 fb a5 00 00
0x00007ffad1651601:   00 74 3f 81 fb 20 03 00 00 75 55 48 8b 49 08 48
0x00007ffad1651611:   85 c9 75 1c 48 8b 0e 48 8d 56 08 41 b8 02 00 01
0x00007ffad1651621:   00 48 8b 01 ff 50 30 48 8b 4e 08 48 85 c9 74 30
0x00007ffad1651631:   4c 8b 05 e0 29 00 00 48 8b 56 10 e8 3f fd ff ff
0x00007ffad1651641:   eb 1e 49 8d 41 fe 48 83 f8 01 77 14 49 8b c7 45
0x00007ffad1651651:   0f bf c7 48 c1 e8 10 44 0f bf c8 e8 df 04 00 00
0x00007ffad1651661:   48 8b 4e 20 44 8b c3 4c 89 7c 24 20 4c 8b cf 48
0x00007ffad1651671:   8b d5 ff 15 47 1a 00 00 48 8b 5c 24 60 48 8b 6c
0x00007ffad1651681:   24 68 48 8b 74 24 70 48 83 c4 40 41 5f 41 5e 5f
0x00007ffad1651691:   c3 cc cc cc cc cc cc cc cc cc cc cc cc cc cc 48
0x00007ffad16516a1:   89 7c 24 18 4c 89 74 24 20 55 48 8d 6c 24 b1 48
0x00007ffad16516b1:   81 ec c0 00 00 00 48 8b f9 48 8b 49 20 4c 8b f2
0x00007ffad16516c1:   49 83 f9 01 74 14 48 8b 45 7f 48 89 44 24 20 ff
0x00007ffad16516d1:   15 ea 19 00 00 e9 da 01 00 00 48 89 9c 24 d0 00
0x00007ffad16516e1:   00 00 41 b9 01 00 00 00 48 8b 5d 7f 48 89 b4 24
0x00007ffad16516f1:   d8 00 00 00 48 89 5c 24 20 8b 73 04 ff 15 bd 19
0x00007ffad1651701:   00 00 48 85 c0 0f 85 99 01 00 00 49 8b ce 89 73
0x00007ffad1651711:   04 ff 15 90 19 00 00 85 c0 0f 84 83 01 00 00 48
0x00007ffad1651721:   8b 4f 08 48 85 c9 75 1c 48 8b 0f 48 8d 57 08 41
0x00007ffad1651731:   b8 02 00 01 00 48 8b 01 ff 50 30 48 8b 4f 08 48
0x00007ffad1651741:   85 c9 74 1b 4c 8b 05 c4 28 00 00 48 8b 57 10 e8
0x00007ffad1651751:   cb fb ff ff 0f b6 c0 85 c0 0f 85 43 01 00 00 48 


Stack slot to memory mapping:
stack at sp + 0 slots: 0x00000193fe955c40 points into unknown readable memory: 0x00000193d69e0e40 | 40 0e 9e d6 93 01 00 00
stack at sp + 1 slots: 0x00007ffad397860a CoreMessaging.dll
stack at sp + 2 slots: 0x0000000000000004 is an unknown value
stack at sp + 3 slots: 0x00000000004c0a14 is an unknown value
stack at sp + 4 slots: 0x00000193fe8cc0e0 points into unknown readable memory: 0x0000001400000000 | 00 00 00 00 14 00 00 00
stack at sp + 5 slots: 0x00007ffad16510c5 flatlaf-windows-x86_64-72372468457000.dll
stack at sp + 6 slots: 0x0 is NULL
stack at sp + 7 slots: 0x00000193d69e0000 points into unknown readable memory: 0x0000000000000000 | 00 00 00 00 00 00 00 00


---------------  P R O C E S S  ---------------

Threads class SMR info:
_java_thread_list=0x00000193fe91bfd0, length=18, elements={
0x00000193fc329df0, 0x00000193fc32a9c0, 0x00000193fc33eaf0, 0x00000193fc3435c0,
0x00000193fc345480, 0x00000193fc34e320, 0x00000193fc3523c0, 0x00000193fc367590,
0x00000193fcd000a0, 0x00000193fcd21420, 0x00000193fd2776a0, 0x00000193fd277b70,
0x00000193fd278040, 0x00000193fd3690c0, 0x00000193d8c1c680, 0x00000193fe86fe20,
0x00000193febcf700, 0x00000193febaadb0
}

Java Threads: ( => current thread )
  0x00000193fc329df0 JavaThread "Reference Handler" daemon [_thread_blocked, id=11048, stack(0x0000000e0df00000,0x0000000e0e000000)]
  0x00000193fc32a9c0 JavaThread "Finalizer" daemon [_thread_blocked, id=2728, stack(0x0000000e0e000000,0x0000000e0e100000)]
  0x00000193fc33eaf0 JavaThread "Signal Dispatcher" daemon [_thread_blocked, id=6696, stack(0x0000000e0e100000,0x0000000e0e200000)]
  0x00000193fc3435c0 JavaThread "Attach Listener" daemon [_thread_blocked, id=10736, stack(0x0000000e0e200000,0x0000000e0e300000)]
  0x00000193fc345480 JavaThread "Service Thread" daemon [_thread_blocked, id=1036, stack(0x0000000e0e300000,0x0000000e0e400000)]
  0x00000193fc34e320 JavaThread "C2 CompilerThread0" daemon [_thread_blocked, id=8276, stack(0x0000000e0e400000,0x0000000e0e500000)]
  0x00000193fc3523c0 JavaThread "C1 CompilerThread0" daemon [_thread_blocked, id=16508, stack(0x0000000e0e500000,0x0000000e0e600000)]
  0x00000193fc367590 JavaThread "Sweeper thread" daemon [_thread_blocked, id=9512, stack(0x0000000e0e600000,0x0000000e0e700000)]
  0x00000193fcd000a0 JavaThread "Notification Thread" daemon [_thread_blocked, id=9468, stack(0x0000000e0e700000,0x0000000e0e800000)]
  0x00000193fcd21420 JavaThread "Common-Cleaner" daemon [_thread_blocked, id=4876, stack(0x0000000e0e900000,0x0000000e0ea00000)]
  0x00000193fd2776a0 JavaThread "Java2D Disposer" daemon [_thread_blocked, id=3252, stack(0x0000000e0ea00000,0x0000000e0eb00000)]
  0x00000193fd277b70 JavaThread "AWT-Shutdown" [_thread_blocked, id=17084, stack(0x0000000e0eb00000,0x0000000e0ec00000)]
=>0x00000193fd278040 JavaThread "AWT-Windows" daemon [_thread_in_native, id=1708, stack(0x0000000e0ec00000,0x0000000e0ed00000)]
  0x00000193fd3690c0 JavaThread "AWT-EventQueue-0" [_thread_in_native, id=11436, stack(0x0000000e0ef00000,0x0000000e0f000000)]
  0x00000193d8c1c680 JavaThread "DestroyJavaVM" [_thread_blocked, id=3116, stack(0x0000000e0d800000,0x0000000e0d900000)]
  0x00000193fe86fe20 JavaThread "Image Fetcher 0" daemon [_thread_blocked, id=6204, stack(0x0000000e0ed00000,0x0000000e0ee00000)]
  0x00000193febcf700 JavaThread "D3D Screen Updater" daemon [_thread_in_native, id=2112, stack(0x0000000e0f400000,0x0000000e0f500000)]
  0x00000193febaadb0 JavaThread "TimerQueue" daemon [_thread_blocked, id=9000, stack(0x0000000e0f500000,0x0000000e0f600000)]

Other Threads:
  0x00000193fc328570 VMThread "VM Thread" [stack: 0x0000000e0de00000,0x0000000e0df00000] [id=6060]
  0x00000193fcd04d90 WatcherThread [stack: 0x0000000e0e800000,0x0000000e0e900000] [id=10664]
  0x00000193d8c6c1b0 GCTaskThread "GC Thread#0" [stack: 0x0000000e0d900000,0x0000000e0da00000] [id=13432]
  0x00000193d8c7d970 ConcurrentGCThread "G1 Main Marker" [stack: 0x0000000e0da00000,0x0000000e0db00000] [id=10180]
  0x00000193d8c7e560 ConcurrentGCThread "G1 Conc#0" [stack: 0x0000000e0db00000,0x0000000e0dc00000] [id=8620]
  0x00000193fc2244f0 ConcurrentGCThread "G1 Refine#0" [stack: 0x0000000e0dc00000,0x0000000e0dd00000] [id=6084]
  0x00000193fc2250f0 ConcurrentGCThread "G1 Young RemSet Sampling" [stack: 0x0000000e0dd00000,0x0000000e0de00000] [id=15404]

Threads with active compile tasks:

VM state: not at safepoint (normal execution)

VM Mutex/Monitor currently owned by a thread: None

Heap address: 0x0000000701200000, size: 4078 MB, Compressed Oops mode: Zero based, Oop shift amount: 3
CDS archive(s) mapped at: [0x0000000800000000-0x0000000800b50000-0x0000000800b50000), size 11862016, SharedBaseAddress: 0x0000000800000000, ArchiveRelocationMode: 0.
Compressed class space mapped at: 0x0000000800b50000-0x0000000840b50000, size: 1073741824
Narrow klass base: 0x0000000800000000, Narrow klass shift: 3, Narrow klass range: 0x100000000

GC Precious Log:
 CPUs: 8 total, 8 available
 Memory: 16310M
 Large Page Support: Disabled
 NUMA Support: Disabled
 Compressed Oops: Enabled (Zero based)
 Heap Region Size: 2M
 Heap Min Capacity: 8M
 Heap Initial Capacity: 256M
 Heap Max Capacity: 4078M
 Pre-touch: Disabled
 Parallel Workers: 8
 Concurrent Workers: 2
 Concurrent Refinement Workers: 8
 Periodic GC: Disabled

Heap:
 garbage-first heap   total 262144K, used 22528K [0x0000000701200000, 0x0000000800000000)
  region size 2048K, 10 young (20480K), 0 survivors (0K)
 Metaspace       used 12130K, capacity 12403K, committed 12544K, reserved 1060864K
  class space    used 1390K, capacity 1460K, committed 1536K, reserved 1048576K

Heap Regions: E=young(eden), S=young(survivor), O=old, HS=humongous(starts), HC=humongous(continues), CS=collection set, F=free, OA=open archive, CA=closed archive, TAMS=top-at-mark-start (previous, next)
|   0|0x0000000701200000, 0x0000000701400000, 0x0000000701400000|100%|HS|  |TAMS 0x0000000701200000, 0x0000000701200000| Complete 
|   1|0x0000000701400000, 0x0000000701600000, 0x0000000701600000|100%|HS|  |TAMS 0x0000000701400000, 0x0000000701400000| Complete 
|   2|0x0000000701600000, 0x0000000701600000, 0x0000000701800000|  0%| F|  |TAMS 0x0000000701600000, 0x0000000701600000| Untracked 
|   3|0x0000000701800000, 0x0000000701800000, 0x0000000701a00000|  0%| F|  |TAMS 0x0000000701800000, 0x0000000701800000| Untracked 
|   4|0x0000000701a00000, 0x0000000701a00000, 0x0000000701c00000|  0%| F|  |TAMS 0x0000000701a00000, 0x0000000701a00000| Untracked 
|   5|0x0000000701c00000, 0x0000000701c00000, 0x0000000701e00000|  0%| F|  |TAMS 0x0000000701c00000, 0x0000000701c00000| Untracked 
|   6|0x0000000701e00000, 0x0000000701e00000, 0x0000000702000000|  0%| F|  |TAMS 0x0000000701e00000, 0x0000000701e00000| Untracked 
|   7|0x0000000702000000, 0x0000000702000000, 0x0000000702200000|  0%| F|  |TAMS 0x0000000702000000, 0x0000000702000000| Untracked 
|   8|0x0000000702200000, 0x0000000702200000, 0x0000000702400000|  0%| F|  |TAMS 0x0000000702200000, 0x0000000702200000| Untracked 
|   9|0x0000000702400000, 0x0000000702400000, 0x0000000702600000|  0%| F|  |TAMS 0x0000000702400000, 0x0000000702400000| Untracked 
|  10|0x0000000702600000, 0x0000000702600000, 0x0000000702800000|  0%| F|  |TAMS 0x0000000702600000, 0x0000000702600000| Untracked 
|  11|0x0000000702800000, 0x0000000702800000, 0x0000000702a00000|  0%| F|  |TAMS 0x0000000702800000, 0x0000000702800000| Untracked 
|  12|0x0000000702a00000, 0x0000000702a00000, 0x0000000702c00000|  0%| F|  |TAMS 0x0000000702a00000, 0x0000000702a00000| Untracked 
|  13|0x0000000702c00000, 0x0000000702c00000, 0x0000000702e00000|  0%| F|  |TAMS 0x0000000702c00000, 0x0000000702c00000| Untracked 
|  14|0x0000000702e00000, 0x0000000702e00000, 0x0000000703000000|  0%| F|  |TAMS 0x0000000702e00000, 0x0000000702e00000| Untracked 
|  15|0x0000000703000000, 0x0000000703000000, 0x0000000703200000|  0%| F|  |TAMS 0x0000000703000000, 0x0000000703000000| Untracked 
|  16|0x0000000703200000, 0x0000000703200000, 0x0000000703400000|  0%| F|  |TAMS 0x0000000703200000, 0x0000000703200000| Untracked 
|  17|0x0000000703400000, 0x0000000703400000, 0x0000000703600000|  0%| F|  |TAMS 0x0000000703400000, 0x0000000703400000| Untracked 
|  18|0x0000000703600000, 0x0000000703600000, 0x0000000703800000|  0%| F|  |TAMS 0x0000000703600000, 0x0000000703600000| Untracked 
|  19|0x0000000703800000, 0x0000000703800000, 0x0000000703a00000|  0%| F|  |TAMS 0x0000000703800000, 0x0000000703800000| Untracked 
|  20|0x0000000703a00000, 0x0000000703a00000, 0x0000000703c00000|  0%| F|  |TAMS 0x0000000703a00000, 0x0000000703a00000| Untracked 
|  21|0x0000000703c00000, 0x0000000703c00000, 0x0000000703e00000|  0%| F|  |TAMS 0x0000000703c00000, 0x0000000703c00000| Untracked 
|  22|0x0000000703e00000, 0x0000000703e00000, 0x0000000704000000|  0%| F|  |TAMS 0x0000000703e00000, 0x0000000703e00000| Untracked 
|  23|0x0000000704000000, 0x0000000704000000, 0x0000000704200000|  0%| F|  |TAMS 0x0000000704000000, 0x0000000704000000| Untracked 
|  24|0x0000000704200000, 0x0000000704200000, 0x0000000704400000|  0%| F|  |TAMS 0x0000000704200000, 0x0000000704200000| Untracked 
|  25|0x0000000704400000, 0x0000000704400000, 0x0000000704600000|  0%| F|  |TAMS 0x0000000704400000, 0x0000000704400000| Untracked 
|  26|0x0000000704600000, 0x0000000704600000, 0x0000000704800000|  0%| F|  |TAMS 0x0000000704600000, 0x0000000704600000| Untracked 
|  27|0x0000000704800000, 0x0000000704800000, 0x0000000704a00000|  0%| F|  |TAMS 0x0000000704800000, 0x0000000704800000| Untracked 
|  28|0x0000000704a00000, 0x0000000704a00000, 0x0000000704c00000|  0%| F|  |TAMS 0x0000000704a00000, 0x0000000704a00000| Untracked 
|  29|0x0000000704c00000, 0x0000000704c00000, 0x0000000704e00000|  0%| F|  |TAMS 0x0000000704c00000, 0x0000000704c00000| Untracked 
|  30|0x0000000704e00000, 0x0000000704e00000, 0x0000000705000000|  0%| F|  |TAMS 0x0000000704e00000, 0x0000000704e00000| Untracked 
|  31|0x0000000705000000, 0x0000000705000000, 0x0000000705200000|  0%| F|  |TAMS 0x0000000705000000, 0x0000000705000000| Untracked 
|  32|0x0000000705200000, 0x0000000705200000, 0x0000000705400000|  0%| F|  |TAMS 0x0000000705200000, 0x0000000705200000| Untracked 
|  33|0x0000000705400000, 0x0000000705400000, 0x0000000705600000|  0%| F|  |TAMS 0x0000000705400000, 0x0000000705400000| Untracked 
|  34|0x0000000705600000, 0x0000000705600000, 0x0000000705800000|  0%| F|  |TAMS 0x0000000705600000, 0x0000000705600000| Untracked 
|  35|0x0000000705800000, 0x0000000705800000, 0x0000000705a00000|  0%| F|  |TAMS 0x0000000705800000, 0x0000000705800000| Untracked 
|  36|0x0000000705a00000, 0x0000000705a00000, 0x0000000705c00000|  0%| F|  |TAMS 0x0000000705a00000, 0x0000000705a00000| Untracked 
|  37|0x0000000705c00000, 0x0000000705c00000, 0x0000000705e00000|  0%| F|  |TAMS 0x0000000705c00000, 0x0000000705c00000| Untracked 
|  38|0x0000000705e00000, 0x0000000705e00000, 0x0000000706000000|  0%| F|  |TAMS 0x0000000705e00000, 0x0000000705e00000| Untracked 
|  39|0x0000000706000000, 0x0000000706000000, 0x0000000706200000|  0%| F|  |TAMS 0x0000000706000000, 0x0000000706000000| Untracked 
|  40|0x0000000706200000, 0x0000000706200000, 0x0000000706400000|  0%| F|  |TAMS 0x0000000706200000, 0x0000000706200000| Untracked 
|  41|0x0000000706400000, 0x0000000706400000, 0x0000000706600000|  0%| F|  |TAMS 0x0000000706400000, 0x0000000706400000| Untracked 
|  42|0x0000000706600000, 0x0000000706600000, 0x0000000706800000|  0%| F|  |TAMS 0x0000000706600000, 0x0000000706600000| Untracked 
|  43|0x0000000706800000, 0x0000000706800000, 0x0000000706a00000|  0%| F|  |TAMS 0x0000000706800000, 0x0000000706800000| Untracked 
|  44|0x0000000706a00000, 0x0000000706a00000, 0x0000000706c00000|  0%| F|  |TAMS 0x0000000706a00000, 0x0000000706a00000| Untracked 
|  45|0x0000000706c00000, 0x0000000706c00000, 0x0000000706e00000|  0%| F|  |TAMS 0x0000000706c00000, 0x0000000706c00000| Untracked 
|  46|0x0000000706e00000, 0x0000000706e00000, 0x0000000707000000|  0%| F|  |TAMS 0x0000000706e00000, 0x0000000706e00000| Untracked 
|  47|0x0000000707000000, 0x0000000707000000, 0x0000000707200000|  0%| F|  |TAMS 0x0000000707000000, 0x0000000707000000| Untracked 
|  48|0x0000000707200000, 0x0000000707200000, 0x0000000707400000|  0%| F|  |TAMS 0x0000000707200000, 0x0000000707200000| Untracked 
|  49|0x0000000707400000, 0x0000000707400000, 0x0000000707600000|  0%| F|  |TAMS 0x0000000707400000, 0x0000000707400000| Untracked 
|  50|0x0000000707600000, 0x0000000707600000, 0x0000000707800000|  0%| F|  |TAMS 0x0000000707600000, 0x0000000707600000| Untracked 
|  51|0x0000000707800000, 0x0000000707800000, 0x0000000707a00000|  0%| F|  |TAMS 0x0000000707800000, 0x0000000707800000| Untracked 
|  52|0x0000000707a00000, 0x0000000707a00000, 0x0000000707c00000|  0%| F|  |TAMS 0x0000000707a00000, 0x0000000707a00000| Untracked 
|  53|0x0000000707c00000, 0x0000000707c00000, 0x0000000707e00000|  0%| F|  |TAMS 0x0000000707c00000, 0x0000000707c00000| Untracked 
|  54|0x0000000707e00000, 0x0000000707e00000, 0x0000000708000000|  0%| F|  |TAMS 0x0000000707e00000, 0x0000000707e00000| Untracked 
|  55|0x0000000708000000, 0x0000000708000000, 0x0000000708200000|  0%| F|  |TAMS 0x0000000708000000, 0x0000000708000000| Untracked 
|  56|0x0000000708200000, 0x0000000708200000, 0x0000000708400000|  0%| F|  |TAMS 0x0000000708200000, 0x0000000708200000| Untracked 
|  57|0x0000000708400000, 0x0000000708400000, 0x0000000708600000|  0%| F|  |TAMS 0x0000000708400000, 0x0000000708400000| Untracked 
|  58|0x0000000708600000, 0x0000000708600000, 0x0000000708800000|  0%| F|  |TAMS 0x0000000708600000, 0x0000000708600000| Untracked 
|  59|0x0000000708800000, 0x0000000708800000, 0x0000000708a00000|  0%| F|  |TAMS 0x0000000708800000, 0x0000000708800000| Untracked 
|  60|0x0000000708a00000, 0x0000000708a00000, 0x0000000708c00000|  0%| F|  |TAMS 0x0000000708a00000, 0x0000000708a00000| Untracked 
|  61|0x0000000708c00000, 0x0000000708c00000, 0x0000000708e00000|  0%| F|  |TAMS 0x0000000708c00000, 0x0000000708c00000| Untracked 
|  62|0x0000000708e00000, 0x0000000708e00000, 0x0000000709000000|  0%| F|  |TAMS 0x0000000708e00000, 0x0000000708e00000| Untracked 
|  63|0x0000000709000000, 0x0000000709000000, 0x0000000709200000|  0%| F|  |TAMS 0x0000000709000000, 0x0000000709000000| Untracked 
|  64|0x0000000709200000, 0x0000000709200000, 0x0000000709400000|  0%| F|  |TAMS 0x0000000709200000, 0x0000000709200000| Untracked 
|  65|0x0000000709400000, 0x0000000709400000, 0x0000000709600000|  0%| F|  |TAMS 0x0000000709400000, 0x0000000709400000| Untracked 
|  66|0x0000000709600000, 0x0000000709600000, 0x0000000709800000|  0%| F|  |TAMS 0x0000000709600000, 0x0000000709600000| Untracked 
|  67|0x0000000709800000, 0x0000000709800000, 0x0000000709a00000|  0%| F|  |TAMS 0x0000000709800000, 0x0000000709800000| Untracked 
|  68|0x0000000709a00000, 0x0000000709a00000, 0x0000000709c00000|  0%| F|  |TAMS 0x0000000709a00000, 0x0000000709a00000| Untracked 
|  69|0x0000000709c00000, 0x0000000709c00000, 0x0000000709e00000|  0%| F|  |TAMS 0x0000000709c00000, 0x0000000709c00000| Untracked 
|  70|0x0000000709e00000, 0x0000000709e00000, 0x000000070a000000|  0%| F|  |TAMS 0x0000000709e00000, 0x0000000709e00000| Untracked 
|  71|0x000000070a000000, 0x000000070a000000, 0x000000070a200000|  0%| F|  |TAMS 0x000000070a000000, 0x000000070a000000| Untracked 
|  72|0x000000070a200000, 0x000000070a200000, 0x000000070a400000|  0%| F|  |TAMS 0x000000070a200000, 0x000000070a200000| Untracked 
|  73|0x000000070a400000, 0x000000070a400000, 0x000000070a600000|  0%| F|  |TAMS 0x000000070a400000, 0x000000070a400000| Untracked 
|  74|0x000000070a600000, 0x000000070a600000, 0x000000070a800000|  0%| F|  |TAMS 0x000000070a600000, 0x000000070a600000| Untracked 
|  75|0x000000070a800000, 0x000000070a800000, 0x000000070aa00000|  0%| F|  |TAMS 0x000000070a800000, 0x000000070a800000| Untracked 
|  76|0x000000070aa00000, 0x000000070aa00000, 0x000000070ac00000|  0%| F|  |TAMS 0x000000070aa00000, 0x000000070aa00000| Untracked 
|  77|0x000000070ac00000, 0x000000070ac00000, 0x000000070ae00000|  0%| F|  |TAMS 0x000000070ac00000, 0x000000070ac00000| Untracked 
|  78|0x000000070ae00000, 0x000000070ae00000, 0x000000070b000000|  0%| F|  |TAMS 0x000000070ae00000, 0x000000070ae00000| Untracked 
|  79|0x000000070b000000, 0x000000070b000000, 0x000000070b200000|  0%| F|  |TAMS 0x000000070b000000, 0x000000070b000000| Untracked 
|  80|0x000000070b200000, 0x000000070b200000, 0x000000070b400000|  0%| F|  |TAMS 0x000000070b200000, 0x000000070b200000| Untracked 
|  81|0x000000070b400000, 0x000000070b400000, 0x000000070b600000|  0%| F|  |TAMS 0x000000070b400000, 0x000000070b400000| Untracked 
|  82|0x000000070b600000, 0x000000070b600000, 0x000000070b800000|  0%| F|  |TAMS 0x000000070b600000, 0x000000070b600000| Untracked 
|  83|0x000000070b800000, 0x000000070b800000, 0x000000070ba00000|  0%| F|  |TAMS 0x000000070b800000, 0x000000070b800000| Untracked 
|  84|0x000000070ba00000, 0x000000070ba00000, 0x000000070bc00000|  0%| F|  |TAMS 0x000000070ba00000, 0x000000070ba00000| Untracked 
|  85|0x000000070bc00000, 0x000000070bc00000, 0x000000070be00000|  0%| F|  |TAMS 0x000000070bc00000, 0x000000070bc00000| Untracked 
|  86|0x000000070be00000, 0x000000070be00000, 0x000000070c000000|  0%| F|  |TAMS 0x000000070be00000, 0x000000070be00000| Untracked 
|  87|0x000000070c000000, 0x000000070c000000, 0x000000070c200000|  0%| F|  |TAMS 0x000000070c000000, 0x000000070c000000| Untracked 
|  88|0x000000070c200000, 0x000000070c200000, 0x000000070c400000|  0%| F|  |TAMS 0x000000070c200000, 0x000000070c200000| Untracked 
|  89|0x000000070c400000, 0x000000070c400000, 0x000000070c600000|  0%| F|  |TAMS 0x000000070c400000, 0x000000070c400000| Untracked 
|  90|0x000000070c600000, 0x000000070c600000, 0x000000070c800000|  0%| F|  |TAMS 0x000000070c600000, 0x000000070c600000| Untracked 
|  91|0x000000070c800000, 0x000000070c800000, 0x000000070ca00000|  0%| F|  |TAMS 0x000000070c800000, 0x000000070c800000| Untracked 
|  92|0x000000070ca00000, 0x000000070ca00000, 0x000000070cc00000|  0%| F|  |TAMS 0x000000070ca00000, 0x000000070ca00000| Untracked 
|  93|0x000000070cc00000, 0x000000070cc00000, 0x000000070ce00000|  0%| F|  |TAMS 0x000000070cc00000, 0x000000070cc00000| Untracked 
|  94|0x000000070ce00000, 0x000000070ce00000, 0x000000070d000000|  0%| F|  |TAMS 0x000000070ce00000, 0x000000070ce00000| Untracked 
|  95|0x000000070d000000, 0x000000070d000000, 0x000000070d200000|  0%| F|  |TAMS 0x000000070d000000, 0x000000070d000000| Untracked 
|  96|0x000000070d200000, 0x000000070d200000, 0x000000070d400000|  0%| F|  |TAMS 0x000000070d200000, 0x000000070d200000| Untracked 
|  97|0x000000070d400000, 0x000000070d400000, 0x000000070d600000|  0%| F|  |TAMS 0x000000070d400000, 0x000000070d400000| Untracked 
|  98|0x000000070d600000, 0x000000070d600000, 0x000000070d800000|  0%| F|  |TAMS 0x000000070d600000, 0x000000070d600000| Untracked 
|  99|0x000000070d800000, 0x000000070d800000, 0x000000070da00000|  0%| F|  |TAMS 0x000000070d800000, 0x000000070d800000| Untracked 
| 100|0x000000070da00000, 0x000000070da00000, 0x000000070dc00000|  0%| F|  |TAMS 0x000000070da00000, 0x000000070da00000| Untracked 
| 101|0x000000070dc00000, 0x000000070dc00000, 0x000000070de00000|  0%| F|  |TAMS 0x000000070dc00000, 0x000000070dc00000| Untracked 
| 102|0x000000070de00000, 0x000000070de00000, 0x000000070e000000|  0%| F|  |TAMS 0x000000070de00000, 0x000000070de00000| Untracked 
| 103|0x000000070e000000, 0x000000070e000000, 0x000000070e200000|  0%| F|  |TAMS 0x000000070e000000, 0x000000070e000000| Untracked 
| 104|0x000000070e200000, 0x000000070e200000, 0x000000070e400000|  0%| F|  |TAMS 0x000000070e200000, 0x000000070e200000| Untracked 
| 105|0x000000070e400000, 0x000000070e400000, 0x000000070e600000|  0%| F|  |TAMS 0x000000070e400000, 0x000000070e400000| Untracked 
| 106|0x000000070e600000, 0x000000070e600000, 0x000000070e800000|  0%| F|  |TAMS 0x000000070e600000, 0x000000070e600000| Untracked 
| 107|0x000000070e800000, 0x000000070e800000, 0x000000070ea00000|  0%| F|  |TAMS 0x000000070e800000, 0x000000070e800000| Untracked 
| 108|0x000000070ea00000, 0x000000070ea00000, 0x000000070ec00000|  0%| F|  |TAMS 0x000000070ea00000, 0x000000070ea00000| Untracked 
| 109|0x000000070ec00000, 0x000000070ec00000, 0x000000070ee00000|  0%| F|  |TAMS 0x000000070ec00000, 0x000000070ec00000| Untracked 
| 110|0x000000070ee00000, 0x000000070ee00000, 0x000000070f000000|  0%| F|  |TAMS 0x000000070ee00000, 0x000000070ee00000| Untracked 
| 111|0x000000070f000000, 0x000000070f000000, 0x000000070f200000|  0%| F|  |TAMS 0x000000070f000000, 0x000000070f000000| Untracked 
| 112|0x000000070f200000, 0x000000070f200000, 0x000000070f400000|  0%| F|  |TAMS 0x000000070f200000, 0x000000070f200000| Untracked 
| 113|0x000000070f400000, 0x000000070f400000, 0x000000070f600000|  0%| F|  |TAMS 0x000000070f400000, 0x000000070f400000| Untracked 
| 114|0x000000070f600000, 0x000000070f600000, 0x000000070f800000|  0%| F|  |TAMS 0x000000070f600000, 0x000000070f600000| Untracked 
| 115|0x000000070f800000, 0x000000070f800000, 0x000000070fa00000|  0%| F|  |TAMS 0x000000070f800000, 0x000000070f800000| Untracked 
| 116|0x000000070fa00000, 0x000000070fa00000, 0x000000070fc00000|  0%| F|  |TAMS 0x000000070fa00000, 0x000000070fa00000| Untracked 
| 117|0x000000070fc00000, 0x000000070fc00000, 0x000000070fe00000|  0%| F|  |TAMS 0x000000070fc00000, 0x000000070fc00000| Untracked 
| 118|0x000000070fe00000, 0x000000070fe71278, 0x0000000710000000| 22%| E|  |TAMS 0x000000070fe00000, 0x000000070fe00000| Complete 
| 119|0x0000000710000000, 0x0000000710200000, 0x0000000710200000|100%| E|CS|TAMS 0x0000000710000000, 0x0000000710000000| Complete 
| 120|0x0000000710200000, 0x0000000710400000, 0x0000000710400000|100%| E|CS|TAMS 0x0000000710200000, 0x0000000710200000| Complete 
| 121|0x0000000710400000, 0x0000000710600000, 0x0000000710600000|100%| E|CS|TAMS 0x0000000710400000, 0x0000000710400000| Complete 
| 122|0x0000000710600000, 0x0000000710800000, 0x0000000710800000|100%| E|CS|TAMS 0x0000000710600000, 0x0000000710600000| Complete 
| 123|0x0000000710800000, 0x0000000710a00000, 0x0000000710a00000|100%| E|CS|TAMS 0x0000000710800000, 0x0000000710800000| Complete 
| 124|0x0000000710a00000, 0x0000000710c00000, 0x0000000710c00000|100%| E|CS|TAMS 0x0000000710a00000, 0x0000000710a00000| Complete 
| 125|0x0000000710c00000, 0x0000000710e00000, 0x0000000710e00000|100%| E|CS|TAMS 0x0000000710c00000, 0x0000000710c00000| Complete 
| 126|0x0000000710e00000, 0x0000000711000000, 0x0000000711000000|100%| E|CS|TAMS 0x0000000710e00000, 0x0000000710e00000| Complete 
| 127|0x0000000711000000, 0x0000000711200000, 0x0000000711200000|100%| E|CS|TAMS 0x0000000711000000, 0x0000000711000000| Complete 

Card table byte_map: [0x00000193f0980000,0x00000193f1180000] _byte_map_base: 0x00000193ed177000

Marking Bits (Prev, Next): (CMBitMap*) 0x00000193d8c6c9a0, (CMBitMap*) 0x00000193d8c6c9e0
 Prev Bits: [0x00000193f1980000, 0x00000193f5938000)
 Next Bits: [0x00000193f5940000, 0x00000193f98f8000)

Polling page: 0x00000193d6b90000

Metaspace:

Usage:
  Non-class:     10.69 MB capacity,    10.49 MB ( 98%) used,   186.20 KB (  2%) free+waste,    16.62 KB ( <1%) overhead. 
      Class:      1.43 MB capacity,     1.36 MB ( 95%) used,    63.19 KB (  4%) free+waste,     6.75 KB ( <1%) overhead. 
       Both:     12.11 MB capacity,    11.85 MB ( 98%) used,   249.38 KB (  2%) free+waste,    23.38 KB ( <1%) overhead. 

Virtual space:
  Non-class space:       12.00 MB reserved,      10.75 MB ( 90%) committed 
      Class space:        1.00 GB reserved,       1.50 MB ( <1%) committed 
             Both:        1.01 GB reserved,      12.25 MB (  1%) committed 

Chunk freelists:
   Non-Class:  1.00 KB
       Class:  12.00 KB
        Both:  13.00 KB

MaxMetaspaceSize: 17179869184.00 GB
CompressedClassSpaceSize: 1.00 GB

CodeHeap 'non-profiled nmethods': size=120000Kb used=453Kb max_used=453Kb free=119546Kb
 bounds [0x00000193e8920000, 0x00000193e8b90000, 0x00000193efe50000]
CodeHeap 'profiled nmethods': size=120000Kb used=2766Kb max_used=2766Kb free=117233Kb
 bounds [0x00000193e13f0000, 0x00000193e16b0000, 0x00000193e8920000]
CodeHeap 'non-nmethods': size=5760Kb used=1354Kb max_used=1370Kb free=4405Kb
 bounds [0x00000193e0e50000, 0x00000193e10c0000, 0x00000193e13f0000]
 total_blobs=2242 nmethods=1578 adapters=577
 compilation: enabled
              stopped_count=0, restarted_count=0
 full_count=0

Compilation events (20 events):
Event: 3.034 Thread 0x00000193fc3523c0 1569       3       java.awt.EventQueue$2::wakeup (6 bytes)
Event: 3.034 Thread 0x00000193fc3523c0 nmethod 1569 0x00000193e169e590 code [0x00000193e169e740, 0x00000193e169e888]
Event: 3.184 Thread 0x00000193fc3523c0 1570   !   3       sun.awt.GlobalCursorManager::_updateCursor (165 bytes)
Event: 3.186 Thread 0x00000193fc3523c0 nmethod 1570 0x00000193e169e990 code [0x00000193e169ed60, 0x00000193e16a0a38]
Event: 3.187 Thread 0x00000193fc3523c0 1572       3       sun.java2d.pipe.RenderQueue::ensureCapacity (16 bytes)
Event: 3.187 Thread 0x00000193fc3523c0 nmethod 1572 0x00000193e16a1710 code [0x00000193e16a18c0, 0x00000193e16a1b28]
Event: 3.187 Thread 0x00000193fc3523c0 1573       3       java.awt.Component::getBackground (29 bytes)
Event: 3.187 Thread 0x00000193fc3523c0 nmethod 1573 0x00000193e16a1c10 code [0x00000193e16a1dc0, 0x00000193e16a2048]
Event: 3.187 Thread 0x00000193fc3523c0 1575       1       sun.java2d.pipe.Region::getLoX (5 bytes)
Event: 3.187 Thread 0x00000193fc3523c0 nmethod 1575 0x00000193e8990890 code [0x00000193e8990a20, 0x00000193e8990ad8]
Event: 3.187 Thread 0x00000193fc3523c0 1574       1       javax.swing.JComponent::getBorder (5 bytes)
Event: 3.187 Thread 0x00000193fc3523c0 nmethod 1574 0x00000193e8990b90 code [0x00000193e8990d20, 0x00000193e8990dd8]
Event: 3.200 Thread 0x00000193fc3523c0 1576       1       javax.swing.text.View::getParent (5 bytes)
Event: 3.200 Thread 0x00000193fc3523c0 nmethod 1576 0x00000193e8990e90 code [0x00000193e8991020, 0x00000193e89910d8]
Event: 3.200 Thread 0x00000193fc3523c0 1577       3       sun.java2d.SunGraphics2D::invalidatePipe (41 bytes)
Event: 3.200 Thread 0x00000193fc3523c0 nmethod 1577 0x00000193e16a2110 code [0x00000193e16a22c0, 0x00000193e16a25f8]
Event: 3.279 Thread 0x00000193fc3523c0 1578       1       java.awt.event.InputEvent::getWhen (5 bytes)
Event: 3.279 Thread 0x00000193fc3523c0 nmethod 1578 0x00000193e8991190 code [0x00000193e8991320, 0x00000193e89913d8]
Event: 3.291 Thread 0x00000193fc3523c0 1579       3       java.beans.PropertyChangeSupport::firePropertyChange (81 bytes)
Event: 3.291 Thread 0x00000193fc3523c0 nmethod 1579 0x00000193e16a2690 code [0x00000193e16a28e0, 0x00000193e16a3648]

GC Heap History (0 events):
No events

Deoptimization events (20 events):
Event: 0.822 Thread 0x00000193fd278040 DEOPT PACKING pc=0x00000193e8959108 sp=0x0000000e0ecfe150
Event: 0.822 Thread 0x00000193fd278040 DEOPT UNPACKING pc=0x00000193e0e9e42f sp=0x0000000e0ecfe0d0 mode 2
Event: 0.822 Thread 0x00000193fd278040 Uncommon trap: trap_request=0xffffffde fr.pc=0x00000193e8959130 relative=0x00000000000007b0
Event: 0.822 Thread 0x00000193fd278040 Uncommon trap: reason=class_check action=maybe_recompile pc=0x00000193e8959130 method=java.util.HashMap.putVal(ILjava/lang/Object;Ljava/lang/Object;ZZ)Ljava/lang/Object; @ 91 c2
Event: 0.822 Thread 0x00000193fd278040 DEOPT PACKING pc=0x00000193e8959130 sp=0x0000000e0ecfe150
Event: 0.822 Thread 0x00000193fd278040 DEOPT UNPACKING pc=0x00000193e0e9e42f sp=0x0000000e0ecfe0d0 mode 2
Event: 0.822 Thread 0x00000193fd278040 Uncommon trap: trap_request=0xffffffde fr.pc=0x00000193e8959108 relative=0x0000000000000788
Event: 0.822 Thread 0x00000193fd278040 Uncommon trap: reason=class_check action=maybe_recompile pc=0x00000193e8959108 method=java.util.HashMap.putVal(ILjava/lang/Object;Ljava/lang/Object;ZZ)Ljava/lang/Object; @ 203 c2
Event: 0.822 Thread 0x00000193fd278040 DEOPT PACKING pc=0x00000193e8959108 sp=0x0000000e0ecfe150
Event: 0.822 Thread 0x00000193fd278040 DEOPT UNPACKING pc=0x00000193e0e9e42f sp=0x0000000e0ecfe0d0 mode 2
Event: 0.822 Thread 0x00000193fd278040 Uncommon trap: trap_request=0xffffffde fr.pc=0x00000193e8959108 relative=0x0000000000000788
Event: 0.822 Thread 0x00000193fd278040 Uncommon trap: reason=class_check action=maybe_recompile pc=0x00000193e8959108 method=java.util.HashMap.putVal(ILjava/lang/Object;Ljava/lang/Object;ZZ)Ljava/lang/Object; @ 203 c2
Event: 0.822 Thread 0x00000193fd278040 DEOPT PACKING pc=0x00000193e8959108 sp=0x0000000e0ecfe150
Event: 0.822 Thread 0x00000193fd278040 DEOPT UNPACKING pc=0x00000193e0e9e42f sp=0x0000000e0ecfe0d0 mode 2
Event: 1.165 Thread 0x00000193febcf700 DEOPT PACKING pc=0x00000193e1651b07 sp=0x0000000e0f4fedc0
Event: 1.165 Thread 0x00000193febcf700 DEOPT UNPACKING pc=0x00000193e0e9e23f sp=0x0000000e0f4fe258 mode 3
Event: 2.911 Thread 0x00000193fd3690c0 Uncommon trap: trap_request=0xffffff45 fr.pc=0x00000193e898ddcc relative=0x00000000000000ac
Event: 2.911 Thread 0x00000193fd3690c0 Uncommon trap: reason=unstable_if action=reinterpret pc=0x00000193e898ddcc method=java.awt.Component.inside(II)Z @ 13 c2
Event: 2.911 Thread 0x00000193fd3690c0 DEOPT PACKING pc=0x00000193e898ddcc sp=0x0000000e0effeac0
Event: 2.911 Thread 0x00000193fd3690c0 DEOPT UNPACKING pc=0x00000193e0e9e42f sp=0x0000000e0effe960 mode 2

Classes unloaded (0 events):
No events

Classes redefined (0 events):
No events

Internal exceptions (20 events):
Event: 0.104 Thread 0x00000193d8c1c680 Exception <a 'java/lang/NoSuchMethodError'{0x000000071116fdc8}: 'void java.lang.invoke.DirectMethodHandle$Holder.invokeSpecial(java.lang.Object, java.lang.Object, java.lang.Object)'> (0x000000071116fdc8) 
thrown [./open/src/hotspot/share/interpreter/linkResolver.cpp, line 782]
Event: 0.131 Thread 0x00000193d8c1c680 Exception <a 'java/lang/ClassNotFoundException'{0x0000000710e2c920}: sun/awt/resources/spi/awtProvider> (0x0000000710e2c920) 
thrown [./open/src/hotspot/share/classfile/systemDictionary.cpp, line 295]
Event: 0.160 Thread 0x00000193d8c1c680 Exception <a 'java/io/FileNotFoundException'{0x0000000710e88538}> (0x0000000710e88538) 
thrown [./open/src/hotspot/share/prims/jni.cpp, line 578]
Event: 0.168 Thread 0x00000193d8c1c680 Exception <a 'java/io/FileNotFoundException'{0x0000000710eb7020}> (0x0000000710eb7020) 
thrown [./open/src/hotspot/share/prims/jni.cpp, line 578]
Event: 0.169 Thread 0x00000193d8c1c680 Exception <a 'java/lang/NoSuchMethodError'{0x0000000710eb8248}: 'java.lang.Object java.lang.invoke.DirectMethodHandle$Holder.invokeStatic(java.lang.Object)'> (0x0000000710eb8248) 
thrown [./open/src/hotspot/share/interpreter/linkResolver.cpp, line 782]
Event: 0.220 Thread 0x00000193d8c1c680 Exception <a 'java/lang/NoSuchMethodError'{0x0000000710f84338}: 'java.lang.Object java.lang.invoke.DirectMethodHandle$Holder.invokeStaticInit(java.lang.Object)'> (0x0000000710f84338) 
thrown [./open/src/hotspot/share/interpreter/linkResolver.cpp, line 782]
Event: 0.263 Thread 0x00000193d8c1c680 Exception <a 'java/lang/NoSuchMethodError'{0x0000000710fceac0}: 'void java.lang.invoke.DirectMethodHandle$Holder.invokeStatic(java.lang.Object, java.lang.Object)'> (0x0000000710fceac0) 
thrown [./open/src/hotspot/share/interpreter/linkResolver.cpp, line 782]
Event: 0.269 Thread 0x00000193d8c1c680 Exception <a 'java/lang/NoSuchMethodError'{0x0000000710c14ae8}: 'java.lang.Object java.lang.invoke.DirectMethodHandle$Holder.newInvokeSpecial(java.lang.Object, java.lang.Object, java.lang.Object, java.lang.Object, java.lang.Object)'> (0x0000000710c14ae8) 
thrown [./open/src/hotspot/share/interpreter/linkResolver.cpp, line 782]
Event: 0.271 Thread 0x00000193d8c1c680 Exception <a 'java/lang/NoSuchMethodError'{0x0000000710c202d0}: 'java.lang.Object java.lang.invoke.DirectMethodHandle$Holder.invokeStatic(java.lang.Object, int, java.lang.Object, java.lang.Object, java.lang.Object, java.lang.Object)'> (0x0000000710c202d0) 
thrown [./open/src/hotspot/share/interpreter/linkResolver.cpp, line 782]
Event: 0.275 Thread 0x00000193d8c1c680 Exception <a 'java/lang/NoSuchMethodError'{0x0000000710c462a0}: 'java.lang.Object java.lang.invoke.DirectMethodHandle$Holder.invokeStatic(java.lang.Object, int, java.lang.Object)'> (0x0000000710c462a0) 
thrown [./open/src/hotspot/share/interpreter/linkResolver.cpp, line 782]
Event: 0.318 Thread 0x00000193d8c1c680 Exception <a 'java/lang/NoSuchMethodError'{0x0000000710cdddf0}: 'int java.lang.invoke.DirectMethodHandle$Holder.invokeStatic(java.lang.Object)'> (0x0000000710cdddf0) 
thrown [./open/src/hotspot/share/interpreter/linkResolver.cpp, line 782]
Event: 0.351 Thread 0x00000193d8c1c680 Exception <a 'java/lang/NoSuchMethodError'{0x0000000710db4e98}: 'java.lang.Object java.lang.invoke.DirectMethodHandle$Holder.invokeSpecial(java.lang.Object, java.lang.Object, java.lang.Object, java.lang.Object, float)'> (0x0000000710db4e98) 
thrown [./open/src/hotspot/share/interpreter/linkResolver.cpp, line 782]
Event: 0.398 Thread 0x00000193d8c1c680 Exception <a 'java/lang/ClassNotFoundException'{0x0000000710a9e290}: com/sun/swing/internal/plaf/basic/resources/spi/basicProvider> (0x0000000710a9e290) 
thrown [./open/src/hotspot/share/classfile/systemDictionary.cpp, line 295]
Event: 0.615 Thread 0x00000193fd3690c0 Implicit null exception at 0x00000193e895dd78 to 0x00000193e895dfe2
Event: 0.623 Thread 0x00000193fd3690c0 Exception <a 'sun/nio/fs/WindowsException'{0x0000000710865478}> (0x0000000710865478) 
thrown [./open/src/hotspot/share/prims/jni.cpp, line 578]
Event: 0.666 Thread 0x00000193fd3690c0 Implicit null exception at 0x00000193e894fd14 to 0x00000193e8950110
Event: 0.740 Thread 0x00000193fe86fe20 Implicit null exception at 0x00000193e8955474 to 0x00000193e8955a3c
Event: 0.740 Thread 0x00000193fe86fe20 Implicit null exception at 0x00000193e8957774 to 0x00000193e8957d58
Event: 0.777 Thread 0x00000193fe86fe20 Exception <a 'java/lang/NoSuchMethodError'{0x00000007106e5bd0}: 'java.lang.Object java.lang.invoke.DirectMethodHandle$Holder.newInvokeSpecial(java.lang.Object, java.lang.Object, java.lang.Object, int, int, int, int, int)'> (0x00000007106e5bd0) 
thrown [./open/src/hotspot/share/interpreter/linkResolver.cpp, line 782]
Event: 0.846 Thread 0x00000193fd3690c0 Exception <a 'java/lang/NoSuchMethodError'{0x0000000710490d58}: 'void java.lang.invoke.DirectMethodHandle$Holder.invokeStaticInit(java.lang.Object)'> (0x0000000710490d58) 
thrown [./open/src/hotspot/share/interpreter/linkResolver.cpp, line 782]

Events (20 events):
Event: 1.185 loading class java/util/concurrent/TimeUnit$1 done
Event: 1.688 loading class javax/swing/Timer$1
Event: 1.688 loading class javax/swing/Timer$1 done
Event: 1.880 Loaded shared library C:\Program Files\Java\jdk-15.0.2\bin\java.dll
Event: 2.160 Executing VM operation: HandshakeAllThreads
Event: 2.160 Executing VM operation: HandshakeAllThreads done
Event: 2.912 loading class java/awt/geom/Path2D$Float$CopyIterator
Event: 2.913 loading class java/awt/geom/Path2D$Float$CopyIterator done
Event: 3.167 Executing VM operation: HandshakeAllThreads
Event: 3.167 Executing VM operation: HandshakeAllThreads done
Event: 3.186 loading class javax/swing/JInternalFrame
Event: 3.186 loading class javax/swing/JInternalFrame done
Event: 3.279 loading class java/awt/Window$1DisposeAction
Event: 3.279 loading class java/awt/Window$1DisposeAction done
Event: 3.280 loading class java/awt/KeyboardFocusManager$2
Event: 3.280 loading class java/awt/KeyboardFocusManager$2 done
Event: 3.280 loading class sun/awt/SunToolkit$1
Event: 3.280 loading class sun/awt/SunToolkit$1 done
Event: 3.291 loading class javax/swing/Autoscroller
Event: 3.291 loading class javax/swing/Autoscroller done


Dynamic libraries:
0x00007ff6723c0000 - 0x00007ff6723cf000 	C:\Program Files\Java\jdk-15.0.2\bin\javaw.exe
0x00007ffad8cb0000 - 0x00007ffad8ea8000 	C:\WINDOWS\SYSTEM32\ntdll.dll
0x00007ffad0210000 - 0x00007ffad0229000 	C:\Program Files\AVAST Software\Avast\aswhook.dll
0x00007ffad8560000 - 0x00007ffad861f000 	C:\WINDOWS\System32\KERNEL32.DLL
0x00007ffad6840000 - 0x00007ffad6b36000 	C:\WINDOWS\System32\KERNELBASE.dll
0x00007ffad6c10000 - 0x00007ffad6d10000 	C:\WINDOWS\System32\ucrtbase.dll
0x00007ffacf520000 - 0x00007ffacf538000 	C:\Program Files\Java\jdk-15.0.2\bin\jli.dll
0x00007ffacf610000 - 0x00007ffacf629000 	C:\Program Files\Java\jdk-15.0.2\bin\VCRUNTIME140.dll
0x00007ffad8620000 - 0x00007ffad86cf000 	C:\WINDOWS\System32\ADVAPI32.dll
0x00007ffad84c0000 - 0x00007ffad855e000 	C:\WINDOWS\System32\msvcrt.dll
0x00007ffad8bc0000 - 0x00007ffad8c5c000 	C:\WINDOWS\System32\sechost.dll
0x00007ffad7b20000 - 0x00007ffad7c46000 	C:\WINDOWS\System32\RPCRT4.dll
0x00007ffad86e0000 - 0x00007ffad887d000 	C:\WINDOWS\System32\USER32.dll
0x00007ffad6bb0000 - 0x00007ffad6bd2000 	C:\WINDOWS\System32\win32u.dll
0x00007ffac6870000 - 0x00007ffac6b0a000 	C:\WINDOWS\WinSxS\amd64_microsoft.windows.common-controls_6595b64144ccf1df_6.0.19041.1110_none_60b5254171f9507e\COMCTL32.dll
0x00007ffad7cc0000 - 0x00007ffad7cec000 	C:\WINDOWS\System32\GDI32.dll
0x00007ffad6440000 - 0x00007ffad6555000 	C:\WINDOWS\System32\gdi32full.dll
0x00007ffad66c0000 - 0x00007ffad675d000 	C:\WINDOWS\System32\msvcp_win.dll
0x00007ffad0db0000 - 0x00007ffad0dba000 	C:\WINDOWS\SYSTEM32\VERSION.dll
0x00007ffad7fc0000 - 0x00007ffad7ff0000 	C:\WINDOWS\System32\IMM32.DLL
0x00007ffad1730000 - 0x00007ffad173c000 	C:\Program Files\Java\jdk-15.0.2\bin\vcruntime140_1.dll
0x00007ffaa9d30000 - 0x00007ffaa9dc1000 	C:\Program Files\Java\jdk-15.0.2\bin\msvcp140.dll
0x00007ffa503c0000 - 0x00007ffa50f1e000 	C:\Program Files\Java\jdk-15.0.2\bin\server\jvm.dll
0x00007ffad8c60000 - 0x00007ffad8c68000 	C:\WINDOWS\System32\PSAPI.DLL
0x00007ffac78c0000 - 0x00007ffac78e7000 	C:\WINDOWS\SYSTEM32\WINMM.dll
0x00007ffacbdb0000 - 0x00007ffacbdb9000 	C:\WINDOWS\SYSTEM32\WSOCK32.dll
0x00007ffad7c50000 - 0x00007ffad7cbb000 	C:\WINDOWS\System32\WS2_32.dll
0x00007ffad4210000 - 0x00007ffad4222000 	C:\WINDOWS\SYSTEM32\kernel.appcore.dll
0x00007ffac8160000 - 0x00007ffac816a000 	C:\Program Files\Java\jdk-15.0.2\bin\jimage.dll
0x00007ffacfe90000 - 0x00007ffad0074000 	C:\WINDOWS\SYSTEM32\DBGHELP.DLL
0x00007ffacfd20000 - 0x00007ffacfd54000 	C:\WINDOWS\SYSTEM32\dbgcore.DLL
0x00007ffad67b0000 - 0x00007ffad6832000 	C:\WINDOWS\System32\bcryptPrimitives.dll
0x00007ffaa3170000 - 0x00007ffaa3195000 	C:\Program Files\Java\jdk-15.0.2\bin\java.dll
0x00007ffad73d0000 - 0x00007ffad7b14000 	C:\WINDOWS\System32\SHELL32.dll
0x00007ffad4410000 - 0x00007ffad4ba3000 	C:\WINDOWS\SYSTEM32\windows.storage.dll
0x00007ffad6d10000 - 0x00007ffad7064000 	C:\WINDOWS\System32\combase.dll
0x00007ffad5c80000 - 0x00007ffad5cae000 	C:\WINDOWS\SYSTEM32\Wldp.dll
0x00007ffad7080000 - 0x00007ffad712d000 	C:\WINDOWS\System32\SHCORE.dll
0x00007ffad7ff0000 - 0x00007ffad8045000 	C:\WINDOWS\System32\shlwapi.dll
0x00007ffad62c0000 - 0x00007ffad62e5000 	C:\WINDOWS\SYSTEM32\profapi.dll
0x00007ffac8140000 - 0x00007ffac8159000 	C:\Program Files\Java\jdk-15.0.2\bin\net.dll
0x00007ffad0080000 - 0x00007ffad018a000 	C:\WINDOWS\SYSTEM32\WINHTTP.dll
0x00007ffad5a60000 - 0x00007ffad5aca000 	C:\WINDOWS\system32\mswsock.dll
0x00007ffaa42e0000 - 0x00007ffaa42f2000 	C:\Program Files\Java\jdk-15.0.2\bin\nio.dll
0x00007ffaa3ee0000 - 0x00007ffaa3ef8000 	C:\Program Files\Java\jdk-15.0.2\bin\zip.dll
0x00007ffa9a8c0000 - 0x00007ffa9aa40000 	C:\Program Files\Java\jdk-15.0.2\bin\awt.dll
0x00007ffad71e0000 - 0x00007ffad72ad000 	C:\WINDOWS\System32\OLEAUT32.dll
0x00007ffad3b90000 - 0x00007ffad3c21000 	C:\WINDOWS\SYSTEM32\apphelp.dll
0x00007ffad3d40000 - 0x00007ffad3dde000 	C:\WINDOWS\system32\uxtheme.dll
0x00007ffad72b0000 - 0x00007ffad73c4000 	C:\WINDOWS\System32\MSCTF.dll
0x00007ffad8a90000 - 0x00007ffad8bba000 	C:\WINDOWS\System32\ole32.dll
0x00007ffaae870000 - 0x00007ffaae8f5000 	C:\Program Files\Java\jdk-15.0.2\bin\freetype.dll
0x00007ffa9a6e0000 - 0x00007ffa9a789000 	C:\Program Files\Java\jdk-15.0.2\bin\fontmanager.dll
0x00007ffad4030000 - 0x00007ffad405f000 	C:\WINDOWS\system32\DWMAPI.DLL
0x00007ffa9a790000 - 0x00007ffa9a8b5000 	C:\WINDOWS\system32\opengl32.dll
0x00007ffacec90000 - 0x00007ffacecbc000 	C:\WINDOWS\SYSTEM32\GLU32.dll
0x00007ffaa96f0000 - 0x00007ffaa98bd000 	C:\WINDOWS\system32\d3d9.dll
0x00007ffab84e0000 - 0x00007ffab859d000 	C:\WINDOWS\System32\DriverStore\FileRepository\nv_dispig.inf_amd64_19f3764f95906f94\nvldumdx.dll
0x00007ffad5f60000 - 0x00007ffad5f72000 	C:\WINDOWS\SYSTEM32\msasn1.dll
0x00007ffad0d50000 - 0x00007ffad0d81000 	C:\WINDOWS\SYSTEM32\cryptnet.dll
0x00007ffad6560000 - 0x00007ffad66be000 	C:\WINDOWS\System32\CRYPT32.dll
0x00007ffad0a10000 - 0x00007ffad0b58000 	C:\WINDOWS\SYSTEM32\drvstore.dll
0x00007ffad6120000 - 0x00007ffad6153000 	C:\WINDOWS\SYSTEM32\devobj.dll
0x00007ffad6760000 - 0x00007ffad67ae000 	C:\WINDOWS\System32\cfgmgr32.dll
0x00007ffad5bf0000 - 0x00007ffad5bfc000 	C:\WINDOWS\SYSTEM32\cryptbase.dll
0x00007ffad6b40000 - 0x00007ffad6ba7000 	C:\WINDOWS\System32\WINTRUST.DLL
0x00007ffad7130000 - 0x00007ffad714d000 	C:\WINDOWS\System32\imagehlp.dll
0x00007ffad5cc0000 - 0x00007ffad5cd8000 	C:\WINDOWS\SYSTEM32\CRYPTSP.dll
0x00007ffad5330000 - 0x00007ffad5364000 	C:\WINDOWS\system32\rsaenh.dll
0x00007ffad6be0000 - 0x00007ffad6c07000 	C:\WINDOWS\System32\bcrypt.dll
0x00007ffa6a930000 - 0x00007ffa6d826000 	C:\WINDOWS\System32\DriverStore\FileRepository\nv_dispig.inf_amd64_19f3764f95906f94\nvd3dumx.dll
0x00007ffa73630000 - 0x00007ffa73901000 	C:\WINDOWS\system32\nvspcap64.dll
0x00007ffad5450000 - 0x00007ffad5483000 	C:\WINDOWS\SYSTEM32\ntmarta.dll
0x00007ffad4bc0000 - 0x00007ffad4be3000 	C:\WINDOWS\SYSTEM32\gpapi.dll
0x00007ffabad90000 - 0x00007ffabadcb000 	C:\WINDOWS\SYSTEM32\dxcore.dll
0x00007ffad1650000 - 0x00007ffad1656000 	C:\Users\Pc\AppData\Local\Temp\flatlaf.temp\flatlaf-windows-x86_64-72372468457000.dll
0x00007ffad1640000 - 0x00007ffad1647000 	C:\Program Files\Java\jdk-15.0.2\bin\jawt.dll
0x00007ffad7f10000 - 0x00007ffad7fb9000 	C:\WINDOWS\System32\clbcatq.dll
0x00007ffaba400000 - 0x00007ffaba5b4000 	C:\WINDOWS\SYSTEM32\WindowsCodecs.dll
0x00007ffaaa5b0000 - 0x00007ffaaa5ee000 	C:\WINDOWS\system32\dataexchange.dll
0x00007ffad2250000 - 0x00007ffad24b3000 	C:\WINDOWS\system32\d3d11.dll
0x00007ffad3040000 - 0x00007ffad3223000 	C:\WINDOWS\system32\dcomp.dll
0x00007ffad4bf0000 - 0x00007ffad4ce3000 	C:\WINDOWS\system32\dxgi.dll
0x00007ffabbfd0000 - 0x00007ffabc1d7000 	C:\WINDOWS\system32\twinapi.appcore.dll
0x00007ffaba9d0000 - 0x00007ffabaaca000 	C:\WINDOWS\SYSTEM32\textinputframework.dll
0x00007ffad3920000 - 0x00007ffad3a12000 	C:\WINDOWS\System32\CoreMessaging.dll
0x00007ffad35c0000 - 0x00007ffad391e000 	C:\WINDOWS\System32\CoreUIComponents.dll
0x00007ffad2ee0000 - 0x00007ffad3034000 	C:\WINDOWS\SYSTEM32\wintypes.dll

dbghelp: loaded successfully - version: 4.0.5 - missing functions: none
symbol engine: initialized successfully - sym options: 0x614 - pdb path: .;C:\Program Files\Java\jdk-15.0.2\bin;C:\WINDOWS\SYSTEM32;C:\Program Files\AVAST Software\Avast;C:\WINDOWS\WinSxS\amd64_microsoft.windows.common-controls_6595b64144ccf1df_6.0.19041.1110_none_60b5254171f9507e;C:\Program Files\Java\jdk-15.0.2\bin\server;C:\WINDOWS\System32\DriverStore\FileRepository\nv_dispig.inf_amd64_19f3764f95906f94;C:\Users\Pc\AppData\Local\Temp\flatlaf.temp

VM Arguments:
jvm_args: -Dfile.encoding=UTF-8 -XX:+ShowCodeDetailsInExceptionMessages 
java_command: com.inventory.UI.PaginaEntrada
java_class_path (initial): D:\ANDRES_UCE\8vo Taller 1\proyecto_taller_grupo8\build\classes;D:\ANDRES_UCE\8vo Taller 1\proyecto_taller_grupo8\dist\InventoryManagement.jar;D:\ANDRES_UCE\8vo Taller 1\proyecto_taller_grupo8\dist\lib\AbsoluteLayout.jar;D:\ANDRES_UCE\8vo Taller 1\proyecto_taller_grupo8\dist\lib\flatlaf-1.3.jar;D:\ANDRES_UCE\8vo Taller 1\proyecto_taller_grupo8\dist\lib\flatlaf-intellij-themes-1.3.jar;D:\ANDRES_UCE\8vo Taller 1\proyecto_taller_grupo8\dist\lib\jcalendar-1.4.jar;D:\ANDRES_UCE\8vo Taller 1\proyecto_taller_grupo8\dist\lib\jgoodies-common-1.2.0.jar;D:\ANDRES_UCE\8vo Taller 1\proyecto_taller_grupo8\dist\lib\jgoodies-looks-2.4.1.jar;D:\ANDRES_UCE\8vo Taller 1\proyecto_taller_grupo8\dist\lib\junit-4.6.jar;D:\ANDRES_UCE\8vo Taller 1\proyecto_taller_grupo8\dist\lib\mysql-connector-java-8.0.25.jar;D:\ANDRES_UCE\8vo Taller 1\proyecto_taller_grupo8\lib\flatlaf-1.3.jar;D:\ANDRES_UCE\8vo Taller 1\proyecto_taller_grupo8\lib\flatlaf-intellij-themes-1.3.jar;D:\ANDRES_UCE\8vo Taller 1\proyecto_taller_grupo8\lib\jcalendar-1.4.jar;D:\ANDRES_UCE\8vo Taller 1\proyecto_taller_grupo8\lib\jgoodies-common-1.2.0.jar;D:\ANDRES_UCE\8vo Taller 1\proyecto_taller_grupo8\lib\jgoodies-looks-2.4.1.jar;D:\ANDRES_UCE\8vo Taller 1\proyecto_taller_grupo8\lib\junit-4.6.jar;D:\ANDRES_UCE\8vo Taller 1\proyecto_taller_grupo8\lib\mysql-connector-java-8.0.25.jar
Launcher Type: SUN_STANDARD

[Global flags]
     intx CICompilerCount                          = 4                                         {product} {ergonomic}
     uint ConcGCThreads                            = 2                                         {product} {ergonomic}
     uint G1ConcRefinementThreads                  = 8                                         {product} {ergonomic}
   size_t G1HeapRegionSize                         = 2097152                                   {product} {ergonomic}
    uintx GCDrainStackTargetSize                   = 64                                        {product} {ergonomic}
   size_t InitialHeapSize                          = 268435456                                 {product} {ergonomic}
   size_t MarkStackSize                            = 4194304                                   {product} {ergonomic}
   size_t MaxHeapSize                              = 4276092928                                {product} {ergonomic}
   size_t MaxNewSize                               = 2564816896                                {product} {ergonomic}
   size_t MinHeapDeltaBytes                        = 2097152                                   {product} {ergonomic}
   size_t MinHeapSize                              = 8388608                                   {product} {ergonomic}
    uintx NonNMethodCodeHeapSize                   = 5839372                                {pd product} {ergonomic}
    uintx NonProfiledCodeHeapSize                  = 122909434                              {pd product} {ergonomic}
    uintx ProfiledCodeHeapSize                     = 122909434                              {pd product} {ergonomic}
    uintx ReservedCodeCacheSize                    = 251658240                              {pd product} {ergonomic}
     bool SegmentedCodeCache                       = true                                      {product} {ergonomic}
     bool ShowCodeDetailsInExceptionMessages       = true                                   {manageable} {command line}
   size_t SoftMaxHeapSize                          = 4276092928                             {manageable} {ergonomic}
     bool UseCompressedClassPointers               = true                                 {lp64_product} {ergonomic}
     bool UseCompressedOops                        = true                                 {lp64_product} {ergonomic}
     bool UseG1GC                                  = true                                      {product} {ergonomic}
     bool UseLargePagesIndividualAllocation        = false                                  {pd product} {ergonomic}

Logging:
Log output configuration:
 #0: stdout all=warning uptime,level,tags
 #1: stderr all=off uptime,level,tags

Environment Variables:
JAVA_HOME=C:\Program Files\Java\jdk-17.0.3.1
PATH=C:/Program Files/Java/jdk-15.0.2/bin/server;C:/Program Files/Java/jdk-15.0.2/bin;C:\Program Files\Python39\Scripts\;C:\Program Files\Python39\;C:\Program Files\Common Files\Oracle\Java\javapath;C:\Program Files (x86)\Common Files\Intel\Shared Libraries\redist\intel64_win\compiler;C:\Windows\system32;C:\Windows;C:\Windows\System32\Wbem;C:\Windows\System32\WindowsPowerShell\v1.0\;C:\Program Files\NVIDIA Corporation\NVIDIA NvDLISR;C:\WINDOWS\system32;C:\WINDOWS;C:\WINDOWS\System32\Wbem;C:\WINDOWS\system32;C:\WINDOWS\System32\WindowsPowerShell\v1.0\;C:\WINDOWS\System32\OpenSSH\;C:\Program Files\dotnet\;D:\MATHLAB\runtime\win64;D:\MATHLAB\bin;D:\MATHLAB\polyspace\bin;C:\WINDOWS\system32;C:\WINDOWS;C:\WINDOWS\System32\Wbem;C:\WINDOWS\System32\WindowsPowerShell\v1.0\;C:\WINDOWS\System32\OpenSSH\;D:\matlab programa\runtime\win64;D:\matlab programa\bin;D:\matlab programa\polyspace\bin;C:\Program Files\Java\jdk-17.0.3.1\bin;D:\Git\cmd;D:\apache-maven-3.8.5\bin;;C:\Program Files (x86)\NVIDIA Corporation\PhysX\Common;D:\QuickTime\QTSystem\;D:\nodejs\;C:\Users\Pc\AppData\Local\Microsoft\WindowsApps;C:\Program Files\Azure Data Studio\bin;C:\Users\Pc\.dotnet\tools;D:\Microsoft VS Code\bin;C:\Program Files\Python39;C:\Program Files\Python39\Scripts;C:\Users\Pc\AppData\Roaming\npm;C:\WINDOWS\system32;
USERNAME=Pc
OS=Windows_NT
PROCESSOR_IDENTIFIER=AMD64 Family 23 Model 17 Stepping 0, AuthenticAMD



---------------  S Y S T E M  ---------------

OS:
 Windows 10 , 64 bit Build 19041 (10.0.19041.3155)
OS uptime: 0 days 2:00 hours
HyperV virtualization detected

CPU: total 8 (initial active 8) (8 cores per cpu, 2 threads per core) family 23 model 17 stepping 0 microcode 0x0, cmov, cx8, fxsr, mmx, sse, sse2, sse3, ssse3, sse4.1, sse4.2, popcnt, vzeroupper, avx, avx2, aes, clmul, 3dnowpref, lzcnt, sse4a, ht, tsc, tscinvbit, tscinv, bmi1, bmi2, adx, sha, fma, clflush, clflushopt

Memory: 4k page, system-wide physical 16310M (8145M free)
TotalPageFile size 22710M (AvailPageFile size 9871M)
current process WorkingSet (physical memory assigned to process): 107M, peak: 107M
current process commit charge ("private bytes"): 400M, peak: 400M

vm_info: Java HotSpot(TM) 64-Bit Server VM (15.0.2+7-27) for windows-amd64 JRE (15.0.2+7-27), built on Dec  7 2020 20:07:01 by "mach5one" with unknown MS VC++:1925

END.
